c:\users\user\source\repos\sdltut\x64\debug\vc142.pdb
c:\users\user\source\repos\sdltut\x64\debug\vc142.idb
c:\users\user\source\repos\sdltut\x64\debug\text.obj
c:\users\user\source\repos\sdltut\x64\debug\score.obj
c:\users\user\source\repos\sdltut\x64\debug\main.obj
c:\users\user\source\repos\sdltut\x64\debug\level.obj
c:\users\user\source\repos\sdltut\x64\debug\game.obj
c:\users\user\source\repos\sdltut\x64\debug\bricktype.obj
c:\users\user\source\repos\sdltut\x64\debug\bar.obj
c:\users\user\source\repos\sdltut\x64\debug\ball.obj
c:\users\user\source\repos\sdltut\x64\debug\breakout.exe
c:\users\user\source\repos\sdltut\x64\debug\breakout.ilk
c:\users\user\source\repos\sdltut\x64\debug\breakout.pdb
c:\users\user\source\repos\sdltut\x64\debug\sdltut.res
c:\users\user\source\repos\sdltut\x64\debug\breakout.tlog\cl.command.1.tlog
c:\users\user\source\repos\sdltut\x64\debug\breakout.tlog\cl.read.1.tlog
c:\users\user\source\repos\sdltut\x64\debug\breakout.tlog\cl.write.1.tlog
c:\users\user\source\repos\sdltut\x64\debug\breakout.tlog\link.command.1.tlog
c:\users\user\source\repos\sdltut\x64\debug\breakout.tlog\link.read.1.tlog
c:\users\user\source\repos\sdltut\x64\debug\breakout.tlog\link.write.1.tlog
c:\users\user\source\repos\sdltut\x64\debug\breakout.tlog\rc.command.1.tlog
c:\users\user\source\repos\sdltut\x64\debug\breakout.tlog\rc.read.1.tlog
c:\users\user\source\repos\sdltut\x64\debug\breakout.tlog\rc.write.1.tlog
