D:\VisualStudio\MSBuild\Microsoft\VC\v160\Microsoft.CppBuild.targets(513,5): warning MSB8028: The intermediate directory (x64\Debug\) contains files shared from another project (sdltut.vcxproj).  This can lead to incorrect clean and rebuild behavior.
  Ball.cpp
C:\Users\USER\source\repos\breakout\Ball.cpp(75,39): warning C4244: '=': conversion from 'float' to 'int', possible loss of data
C:\Users\USER\source\repos\breakout\Ball.cpp(76,39): warning C4244: '=': conversion from 'float' to 'int', possible loss of data
C:\Users\USER\source\repos\breakout\Ball.cpp(77,19): warning C4244: '=': conversion from 'float' to 'int', possible loss of data
C:\Users\USER\source\repos\breakout\Ball.cpp(82,27): warning C4244: '=': conversion from 'float' to 'int', possible loss of data
C:\Users\USER\source\repos\breakout\Ball.cpp(83,28): warning C4244: '=': conversion from 'float' to 'int', possible loss of data
C:\Users\USER\source\repos\breakout\Ball.cpp(84,29): warning C4244: '=': conversion from 'float' to 'int', possible loss of data
C:\Users\USER\source\repos\breakout\Ball.cpp(85,29): warning C4244: '=': conversion from 'float' to 'int', possible loss of data
C:\Users\USER\source\repos\breakout\Ball.cpp(114,39): warning C4244: '=': conversion from 'float' to 'int', possible loss of data
C:\Users\USER\source\repos\breakout\Ball.cpp(115,39): warning C4244: '=': conversion from 'float' to 'int', possible loss of data
C:\Users\USER\source\repos\breakout\Ball.cpp(116,19): warning C4244: '=': conversion from 'float' to 'int', possible loss of data
C:\Users\USER\source\repos\breakout\Ball.cpp(119,32): warning C4244: '=': conversion from 'float' to 'int', possible loss of data
C:\Users\USER\source\repos\breakout\Ball.cpp(120,33): warning C4244: '=': conversion from 'float' to 'int', possible loss of data
C:\Users\USER\source\repos\breakout\Ball.cpp(193,20): warning C4244: '=': conversion from 'float' to 'int', possible loss of data
C:\Users\USER\source\repos\breakout\Ball.cpp(194,20): warning C4244: '=': conversion from 'float' to 'int', possible loss of data
C:\Users\USER\source\repos\breakout\Ball.cpp(195,25): warning C4244: '=': conversion from 'float' to 'int', possible loss of data
  Bar.cpp
C:\Users\USER\source\repos\breakout\Bar.cpp(39,34): warning C4244: '=': conversion from 'int' to 'float', possible loss of data
C:\Users\USER\source\repos\breakout\Bar.cpp(45,18): warning C4244: '=': conversion from 'float' to 'int', possible loss of data
C:\Users\USER\source\repos\breakout\Bar.cpp(46,18): warning C4244: '=': conversion from 'float' to 'int', possible loss of data
C:\Users\USER\source\repos\breakout\Bar.cpp(47,14): warning C4244: '=': conversion from 'float' to 'int', possible loss of data
C:\Users\USER\source\repos\breakout\Bar.cpp(48,14): warning C4244: '=': conversion from 'float' to 'int', possible loss of data
  BrickType.cpp
  Game.cpp
  Level.cpp
C:\Users\USER\source\repos\breakout\Level.cpp(27,57): warning C4244: 'return': conversion from 'int' to 'float', possible loss of data
C:\Users\USER\source\repos\breakout\Level.cpp(167,25): warning C4244: '=': conversion from 'float' to 'int', possible loss of data
C:\Users\USER\source\repos\breakout\Level.cpp(168,26): warning C4244: '=': conversion from 'float' to 'int', possible loss of data
  main.cpp
  Score.cpp
  Text.cpp
  Generating Code...
  sdltut.vcxproj -> C:\Users\USER\source\repos\breakout\x64\Debug\breakout.exe
